2026-01-06 15:43:18,186 - INFO - ==================================================
2026-01-06 15:43:18,186 - INFO - 开始服务器诊断
2026-01-06 15:43:18,186 - INFO - ==================================================
2026-01-06 15:43:18,186 - INFO - Python版本: 3.13.7 (tags/v3.13.7:bcee1c3, Aug 14 2025, 14:15:11) [MSC v.1944 64 bit (AMD64)]
2026-01-06 15:43:18,186 - INFO - 当前工作目录: d:\my_vscode\Twitter-pywebview
2026-01-06 15:43:18,186 - INFO - 脚本目录: d:\my_vscode\Twitter-pywebview
2026-01-06 15:43:18,186 - INFO - 时间: 2026-01-06 15:43:18
2026-01-06 15:43:18,186 - INFO - 
--- 模块导入检查 ---
2026-01-06 15:43:18,188 - INFO - 开始检查模块导入...
2026-01-06 15:43:18,188 - INFO - ✓ 标准库模块 os 导入成功
2026-01-06 15:43:18,190 - INFO - ✓ 标准库模块 sys 导入成功
2026-01-06 15:43:18,193 - INFO - ✓ 标准库模块 json 导入成功
2026-01-06 15:43:18,197 - INFO - ✓ 标准库模块 urllib.parse 导入成功
2026-01-06 15:43:18,198 - INFO - ✓ 标准库模块 mimetypes 导入成功
2026-01-06 15:43:18,222 - INFO - ✓ 标准库模块 http.server 导入成功
2026-01-06 15:43:18,223 - INFO - ✓ 标准库模块 socket 导入成功
2026-01-06 15:43:18,226 - INFO - ✓ 标准库模块 sqlite3 导入成功
2026-01-06 15:43:18,227 - INFO - ✓ 标准库模块 threading 导入成功
2026-01-06 15:43:18,262 - INFO - ✓ 标准库模块 webview 导入成功
2026-01-06 15:43:18,264 - INFO - ✓ 项目模块 backend.config 导入成功
2026-01-06 15:43:18,266 - INFO - ✓ 项目模块 backend.server 导入成功
2026-01-06 15:43:18,266 - INFO - ✓ 项目模块 backend.database 导入成功
2026-01-06 15:43:18,267 - INFO - 
--- 目录结构检查 ---
2026-01-06 15:43:18,267 - INFO - ✓ 应用根目录存在: d:\my_vscode\Twitter-pywebview\backend
2026-01-06 15:43:18,267 - INFO - ✓ 应用根目录可读写
2026-01-06 15:43:18,268 - INFO - ✓ 数据目录存在: d:\my_vscode\Twitter-pywebview\backend\data
2026-01-06 15:43:18,268 - INFO - ✓ 数据目录可读写
2026-01-06 15:43:18,268 - INFO - ✓ 媒体目录存在: d:\my_vscode\Twitter-pywebview\backend\media
2026-01-06 15:43:18,269 - INFO - ✓ 媒体目录可读写
2026-01-06 15:43:18,269 - INFO - 
--- 数据库检查 ---
2026-01-06 15:43:18,269 - INFO - 开始检查数据库...
2026-01-06 15:43:18,269 - INFO - 数据库路径: d:\my_vscode\Twitter-pywebview\backend\data\SR.db
2026-01-06 15:43:18,269 - INFO - ✓ 数据库文件存在
2026-01-06 15:43:18,270 - INFO - ✓ 数据库文件可读
2026-01-06 15:43:18,270 - INFO - ✓ 数据库管理器初始化成功
2026-01-06 15:43:18,274 - INFO - ✓ 数据库查询成功，JL表中有 0 条记录
2026-01-06 15:43:18,275 - INFO - 
--- 服务器初始化检查 ---
2026-01-06 15:43:18,275 - INFO - 开始测试服务器初始化...
2026-01-06 15:43:18,275 - INFO - 服务器配置: localhost:3000
2026-01-06 15:43:18,282 - ERROR - ✗ 端口 localhost:3000 已被占用
2026-01-06 15:43:18,283 - INFO - 
--- 服务器运行测试 ---
2026-01-06 15:43:18,283 - INFO - 尝试运行服务器 5 秒...
2026-01-06 15:43:19,285 - INFO - ✓ 服务器已成功占用端口
2026-01-06 15:43:23,286 - INFO - ✓ 服务器运行测试完成
2026-01-06 15:43:23,287 - INFO - 
==================================================
2026-01-06 15:43:23,287 - INFO - 诊断结果总结
2026-01-06 15:43:23,287 - INFO - ==================================================
2026-01-06 15:43:23,287 - INFO - 模块导入检查: ✓ 通过
2026-01-06 15:43:23,287 - INFO - 目录结构检查: ✓ 通过
2026-01-06 15:43:23,288 - INFO - 数据库检查: ✓ 通过
2026-01-06 15:43:23,288 - INFO - 服务器初始化检查: ✗ 失败
2026-01-06 15:43:23,288 - INFO - 服务器运行测试: ✓ 通过
2026-01-06 15:43:23,289 - ERROR - 
部分检查失败，请查看上述日志了解详细问题。
2026-01-06 15:43:23,289 - INFO - 
诊断完成，详细日志已保存到 server_diagnosis.log
2026-01-06 16:03:34,136 - INFO - ==================================================
2026-01-06 16:03:34,136 - INFO - 开始服务器诊断
2026-01-06 16:03:34,136 - INFO - ==================================================
2026-01-06 16:03:34,136 - INFO - Python版本: 3.13.7 (tags/v3.13.7:bcee1c3, Aug 14 2025, 14:15:11) [MSC v.1944 64 bit (AMD64)]
2026-01-06 16:03:34,136 - INFO - 当前工作目录: d:\my_vscode\Twitter-pywebview
2026-01-06 16:03:34,136 - INFO - 脚本目录: d:\my_vscode\Twitter-pywebview
2026-01-06 16:03:34,136 - INFO - 时间: 2026-01-06 16:03:34
2026-01-06 16:03:34,136 - INFO - 
--- 模块导入检查 ---
2026-01-06 16:03:34,136 - INFO - 开始检查模块导入...
2026-01-06 16:03:34,136 - INFO - ✓ 标准库模块 os 导入成功
2026-01-06 16:03:34,138 - INFO - ✓ 标准库模块 sys 导入成功
2026-01-06 16:03:34,140 - INFO - ✓ 标准库模块 json 导入成功
2026-01-06 16:03:34,144 - INFO - ✓ 标准库模块 urllib.parse 导入成功
2026-01-06 16:03:34,145 - INFO - ✓ 标准库模块 mimetypes 导入成功
2026-01-06 16:03:34,169 - INFO - ✓ 标准库模块 http.server 导入成功
2026-01-06 16:03:34,169 - INFO - ✓ 标准库模块 socket 导入成功
2026-01-06 16:03:34,172 - INFO - ✓ 标准库模块 sqlite3 导入成功
2026-01-06 16:03:34,173 - INFO - ✓ 标准库模块 threading 导入成功
2026-01-06 16:03:34,207 - INFO - ✓ 标准库模块 webview 导入成功
2026-01-06 16:03:34,209 - INFO - ✓ 项目模块 backend.config 导入成功
2026-01-06 16:03:34,211 - INFO - ✓ 项目模块 backend.server 导入成功
2026-01-06 16:03:34,211 - INFO - ✓ 项目模块 backend.database 导入成功
2026-01-06 16:03:34,212 - INFO - 
--- 目录结构检查 ---
2026-01-06 16:03:34,212 - INFO - ✓ 应用根目录存在: d:\my_vscode\Twitter-pywebview\backend
2026-01-06 16:03:34,212 - INFO - ✓ 应用根目录可读写
2026-01-06 16:03:34,213 - INFO - ✓ 数据目录存在: d:\my_vscode\Twitter-pywebview\backend\data
2026-01-06 16:03:34,213 - INFO - ✓ 数据目录可读写
2026-01-06 16:03:34,213 - INFO - ✓ 媒体目录存在: d:\my_vscode\Twitter-pywebview\backend\media
2026-01-06 16:03:34,214 - INFO - ✓ 媒体目录可读写
2026-01-06 16:03:34,214 - INFO - 
--- 数据库检查 ---
2026-01-06 16:03:34,214 - INFO - 开始检查数据库...
2026-01-06 16:03:34,214 - INFO - 数据库路径: d:\my_vscode\Twitter-pywebview\backend\data\SR.db
2026-01-06 16:03:34,214 - INFO - ✓ 数据库文件存在
2026-01-06 16:03:34,215 - INFO - ✓ 数据库文件可读
2026-01-06 16:03:34,216 - INFO - ✓ 数据库管理器初始化成功
2026-01-06 16:03:34,216 - INFO - ✓ 数据库查询成功，JL表中有 0 条记录
2026-01-06 16:03:34,217 - INFO - 
--- 服务器初始化检查 ---
2026-01-06 16:03:34,217 - INFO - 开始测试服务器初始化...
2026-01-06 16:03:34,217 - INFO - 服务器配置: localhost:3000
2026-01-06 16:03:35,228 - INFO - ✓ 端口 localhost:3000 可用
2026-01-06 16:03:35,234 - INFO - ✓ HTTP服务器实例创建成功
2026-01-06 16:03:35,234 - INFO - ✓ HTTP服务器实例关闭成功
2026-01-06 16:03:35,235 - INFO - 
--- 服务器运行测试 ---
2026-01-06 16:03:35,235 - INFO - 尝试运行服务器 5 秒...
2026-01-06 16:03:36,248 - INFO - ✓ 服务器已成功占用端口
2026-01-06 16:03:40,248 - INFO - ✓ 服务器运行测试完成
2026-01-06 16:03:40,249 - INFO - 
==================================================
2026-01-06 16:03:40,249 - INFO - 诊断结果总结
2026-01-06 16:03:40,249 - INFO - ==================================================
2026-01-06 16:03:40,249 - INFO - 模块导入检查: ✓ 通过
2026-01-06 16:03:40,250 - INFO - 目录结构检查: ✓ 通过
2026-01-06 16:03:40,250 - INFO - 数据库检查: ✓ 通过
2026-01-06 16:03:40,250 - INFO - 服务器初始化检查: ✓ 通过
2026-01-06 16:03:40,251 - INFO - 服务器运行测试: ✓ 通过
2026-01-06 16:03:40,251 - INFO - 
所有检查通过，服务器应该可以正常启动。
2026-01-06 16:03:40,251 - INFO - 
诊断完成，详细日志已保存到 server_diagnosis.log
